WARNING: A terminally deprecated method in sun.misc.Unsafe has been called
WARNING: sun.misc.Unsafe::staticFieldBase has been called by com.google.inject.internal.aop.HiddenClassDefiner (file:/usr/share/java/maven/lib/guice-5.1.0-classes.jar)
WARNING: Please consider reporting this to the maintainers of class com.google.inject.internal.aop.HiddenClassDefiner
WARNING: sun.misc.Unsafe::staticFieldBase will be removed in a future release
[INFO] Scanning for projects...
[INFO] 
[INFO] ------------------------< com.music:MusicStore >------------------------
[INFO] Building Music Store 0.0.1-SNAPSHOT
[INFO]   from pom.xml
[INFO] --------------------------------[ jar ]---------------------------------
[INFO] 
[INFO] >>> spring-boot:3.5.5:run (default-cli) > test-compile @ MusicStore >>>
[INFO] 
[INFO] --- resources:3.3.1:resources (default-resources) @ MusicStore ---
[INFO] Copying 1 resource from src/main/resources to target/classes
[INFO] Copying 53 resources from src/main/resources to target/classes
[INFO] 
[INFO] --- compiler:3.14.0:compile (default-compile) @ MusicStore ---
[INFO] Recompiling the module because of changed source code.
[INFO] Compiling 86 source files with javac [debug parameters release 17] to target/classes
[INFO] /home/nasrulla/All Files/Projects/Music Store/Music Store/src/main/java/com/music/musicstore/services/UnifiedUserService.java: /home/nasrulla/All Files/Projects/Music Store/Music Store/src/main/java/com/music/musicstore/services/UnifiedUserService.java uses unchecked or unsafe operations.
[INFO] /home/nasrulla/All Files/Projects/Music Store/Music Store/src/main/java/com/music/musicstore/services/UnifiedUserService.java: Recompile with -Xlint:unchecked for details.
[INFO] 
[INFO] --- resources:3.3.1:testResources (default-testResources) @ MusicStore ---
[INFO] skip non existing resourceDirectory /home/nasrulla/All Files/Projects/Music Store/Music Store/src/test/resources
[INFO] 
[INFO] --- compiler:3.14.0:testCompile (default-testCompile) @ MusicStore ---
[INFO] Recompiling the module because of changed dependency.
[INFO] Compiling 1 source file with javac [debug parameters release 17] to target/test-classes
[INFO] 
[INFO] <<< spring-boot:3.5.5:run (default-cli) < test-compile @ MusicStore <<<
[INFO] 
[INFO] 
[INFO] --- spring-boot:3.5.5:run (default-cli) @ MusicStore ---
[INFO] Attaching agents: []

  .   ____          _            __ _ _
 /\\ / ___'_ __ _ _(_)_ __  __ _ \ \ \ \
( ( )\___ | '_ | '_| | '_ \/ _` | \ \ \ \
 \\/  ___)| |_)| | | | | || (_| |  ) ) ) )
  '  |____| .__|_| |_|_| |_\__, | / / / /
 =========|_|==============|___/=/_/_/_/

 :: Spring Boot ::                (v3.5.5)

2025-09-22 02:19:35 - Starting MusicStoreApplication using Java 25.0.1 with PID 97281 (/home/nasrulla/All Files/Projects/Music Store/Music Store/target/classes started by nasrulla in /home/nasrulla/All Files/Projects/Music Store/Music Store)
2025-09-22 02:19:35 - No active profile set, falling back to 1 default profile: "default"
2025-09-22 02:19:35 - Using Docker Compose file /home/nasrulla/All Files/Projects/Music Store/Music Store/compose.yaml
2025-09-22 02:19:36 - There are already Docker Compose services running, skipping startup
2025-09-22 02:19:36 - Devtools property defaults active! Set 'spring.devtools.add-properties' to 'false' to disable
2025-09-22 02:19:36 - For additional web related logging consider setting the 'logging.level.web' property to 'DEBUG'
2025-09-22 02:19:36 - Bootstrapping Spring Data JPA repositories in DEFAULT mode.
2025-09-22 02:19:37 - Finished Spring Data repository scanning in 116 ms. Found 13 JPA repository interfaces.
2025-09-22 02:19:37 - Tomcat initialized with port 8082 (http)
2025-09-22 02:19:37 - Starting service [Tomcat]
2025-09-22 02:19:37 - Starting Servlet engine: [Apache Tomcat/10.1.44]
2025-09-22 02:19:37 - Initializing Spring embedded WebApplicationContext
2025-09-22 02:19:37 - Root WebApplicationContext: initialization completed in 1467 ms
2025-09-22 02:19:37 - HHH000204: Processing PersistenceUnitInfo [name: default]
2025-09-22 02:19:37 - HHH000412: Hibernate ORM core version 6.6.26.Final
2025-09-22 02:19:37 - HHH000026: Second-level cache disabled
2025-09-22 02:19:38 - No LoadTimeWeaver setup: ignoring JPA class transformer
2025-09-22 02:19:38 - HikariPool-1 - Starting...
2025-09-22 02:19:38 - HikariPool-1 - Added connection org.postgresql.jdbc.PgConnection@264f4ed
2025-09-22 02:19:38 - HikariPool-1 - Start completed.
2025-09-22 02:19:38 - HHH90000025: PostgreSQLDialect does not need to be specified explicitly using 'hibernate.dialect' (remove the property setting and it will be selected by default)
2025-09-22 02:19:38 - HHH10001005: Database info:
	Database JDBC URL [Connecting through datasource 'HikariDataSource (HikariPool-1)']
	Database driver: undefined/unknown
	Database version: 17.6
	Autocommit mode: undefined/unknown
	Isolation level: undefined/unknown
	Minimum pool size: undefined/unknown
	Maximum pool size: undefined/unknown
2025-09-22 02:19:39 - HHH000489: No JTA platform available (set 'hibernate.transaction.jta.platform' to enable JTA platform integration)
2025-09-22 02:19:40 - Initialized JPA EntityManagerFactory for persistence unit 'default'
2025-09-22 02:19:40 - AdminService initialized successfully
2025-09-22 02:19:40 - Hibernate is in classpath; If applicable, HQL parser will be used.
2025-09-22 02:19:41 - CustomerService initialized successfully
2025-09-22 02:19:41 - ArtistService initialized successfully
2025-09-22 02:19:41 - StaffService initialized successfully
2025-09-22 02:19:41 - UnifiedUserService initialized successfully
2025-09-22 02:19:41 - MusicService initialized successfully
2025-09-22 02:19:41 - CartService initialized successfully
2025-09-22 02:19:43 - ReviewService initialized successfully
2025-09-22 02:19:43 - Global AuthenticationManager configured with UserDetailsService bean with name combinedUserDetailsService
2025-09-22 02:19:43 - Will secure any request with filters: DisableEncodeUrlFilter, WebAsyncManagerIntegrationFilter, SecurityContextHolderFilter, HeaderWriterFilter, CorsFilter, LogoutFilter, JwtAuthenticationFilter, RequestCacheAwareFilter, SecurityContextHolderAwareRequestFilter, AnonymousAuthenticationFilter, SessionManagementFilter, ExceptionTranslationFilter, AuthorizationFilter
2025-09-22 02:19:44 - Cannot find template location: classpath:/templates/ (please add some templates, check your Thymeleaf configuration, or set spring.thymeleaf.check-template-location=false)
2025-09-22 02:19:44 - LiveReload server is running on port 35729
2025-09-22 02:19:44 - Tomcat started on port 8082 (http) with context path '/'
2025-09-22 02:19:44 - Started MusicStoreApplication in 9.012 seconds (process running for 9.349)
Hibernate: 
    select
        a1_0.id 
    from
        admins a1_0 
    where
        a1_0.username=? 
    fetch
        first ? rows only
Hibernate: 
    select
        c1_0.id,
        c1_0.email,
        c1_0.enabled,
        c1_0.first_name,
        c1_0.last_name,
        c1_0.password,
        c1_0.role,
        c1_0.username 
    from
        customers c1_0 
    where
        c1_0.username=?
Hibernate: 
    select
        c1_0.id,
        c2_0.id,
        c2_0.email,
        c2_0.enabled,
        c2_0.first_name,
        c2_0.last_name,
        c2_0.password,
        c2_0.role,
        c2_0.username,
        c1_0.total_amount 
    from
        carts c1_0 
    left join
        customers c2_0 
            on c2_0.id=c1_0.customer_id 
    where
        c1_0.customer_id=?
Hibernate: 
    select
        c1_0.id,
        c1_0.customer_id,
        c1_0.total_amount 
    from
        carts c1_0 
    where
        c1_0.customer_id=?
Hibernate: 
    select
        c1_0.id,
        c2_0.id,
        c2_0.total_amount,
        c1_0.email,
        c1_0.enabled,
        c1_0.first_name,
        c1_0.last_name,
        c1_0.password,
        c1_0.role,
        c1_0.username 
    from
        customers c1_0 
    left join
        carts c2_0 
            on c1_0.id=c2_0.customer_id 
    where
        c1_0.id=?
Hibernate: 
    select
        ci1_0.id,
        ci1_0.added_at,
        ci1_0.cart_id,
        ci1_0.music_id,
        ci1_0.unit_price 
    from
        cart_items ci1_0 
    where
        ci1_0.cart_id=?
Hibernate: 
    select
        m1_0.id,
        m1_0.original_file_name,
        m1_0.album_name,
        m1_0.artist_username,
        m1_0.audio_file_path,
        m1_0.average_rating,
        m1_0.category,
        m1_0.created_at,
        m1_0.description,
        m1_0.genre,
        m1_0.image_url,
        m1_0.name,
        m1_0.price,
        m1_0.release_year,
        m1_0.total_reviews,
        m1_0.updated_at 
    from
        music m1_0 
    where
        m1_0.id=?
2025-09-22 02:19:44 - Initializing staff data...
Hibernate: 
    select
        count(*) 
    from
        staff s1_0
2025-09-22 02:19:44 - Total staff count: 4
2025-09-22 02:19:44 - Staff data already exists. Skipping initialization.
2025-09-22 02:20:25 - Commencing graceful shutdown. Waiting for active requests to complete
2025-09-22 02:20:25 - Graceful shutdown complete
2025-09-22 02:20:25 - Closing JPA EntityManagerFactory for persistence unit 'default'
2025-09-22 02:20:25 - HikariPool-1 - Shutdown initiated...
2025-09-22 02:20:25 - HikariPool-1 - Shutdown completed.
